c:\fontosak\github_repo\examples\example_win32_directx9\debug\vc143.pdb
c:\fontosak\github_repo\examples\example_win32_directx9\debug\vc143.idb
c:\fontosak\github_repo\examples\example_win32_directx9\debug\main.obj
c:\fontosak\github_repo\examples\example_win32_directx9\debug\imgui_impl_win32.obj
c:\fontosak\github_repo\examples\example_win32_directx9\debug\imgui_impl_dx9.obj
c:\fontosak\github_repo\examples\example_win32_directx9\debug\imgui_widgets.obj
c:\fontosak\github_repo\examples\example_win32_directx9\debug\imgui_tables.obj
c:\fontosak\github_repo\examples\example_win32_directx9\debug\imgui_draw.obj
c:\fontosak\github_repo\examples\example_win32_directx9\debug\imgui_demo.obj
c:\fontosak\github_repo\examples\example_win32_directx9\debug\imgui.obj
c:\fontosak\github_repo\examples\example_win32_directx9\debug\example_win32_directx9.exe
c:\fontosak\github_repo\examples\example_win32_directx9\debug\example_win32_directx9.pdb
c:\fontosak\github_repo\examples\example_win32_directx9\debug\example_win32_directx9.ilk
c:\fontosak\github_repo\examples\example_win32_directx9\debug\example_win32_directx9.vcxproj.filelistabsolute.txt
c:\fontosak\github_repo\examples\example_win32_directx9\debug\example_.4165a294.tlog\cl.command.1.tlog
c:\fontosak\github_repo\examples\example_win32_directx9\debug\example_.4165a294.tlog\cl.items.tlog
c:\fontosak\github_repo\examples\example_win32_directx9\debug\example_.4165a294.tlog\cl.read.1.tlog
c:\fontosak\github_repo\examples\example_win32_directx9\debug\example_.4165a294.tlog\cl.write.1.tlog
c:\fontosak\github_repo\examples\example_win32_directx9\debug\example_.4165a294.tlog\link.command.1.tlog
c:\fontosak\github_repo\examples\example_win32_directx9\debug\example_.4165a294.tlog\link.read.1.tlog
c:\fontosak\github_repo\examples\example_win32_directx9\debug\example_.4165a294.tlog\link.secondary.1.tlog
c:\fontosak\github_repo\examples\example_win32_directx9\debug\example_.4165a294.tlog\link.write.1.tlog
