c:\fontosak\github_repo\examples\example_glfw_opengl3\release\vc143.pdb
c:\fontosak\github_repo\examples\example_glfw_opengl3\release\main.obj
c:\fontosak\github_repo\examples\example_glfw_opengl3\release\imuprocessor.obj
c:\fontosak\github_repo\examples\example_glfw_opengl3\release\dbwprocessor.obj
c:\fontosak\github_repo\examples\example_glfw_opengl3\release\implot_items.obj
c:\fontosak\github_repo\examples\example_glfw_opengl3\release\implot_demo.obj
c:\fontosak\github_repo\examples\example_glfw_opengl3\release\implot.obj
c:\fontosak\github_repo\examples\example_glfw_opengl3\release\imgui_impl_opengl3.obj
c:\fontosak\github_repo\examples\example_glfw_opengl3\release\imgui_impl_glfw.obj
c:\fontosak\github_repo\examples\example_glfw_opengl3\release\imgui_widgets.obj
c:\fontosak\github_repo\examples\example_glfw_opengl3\release\imgui_tables.obj
c:\fontosak\github_repo\examples\example_glfw_opengl3\release\imgui_draw.obj
c:\fontosak\github_repo\examples\example_glfw_opengl3\release\imgui_demo.obj
c:\fontosak\github_repo\examples\example_glfw_opengl3\release\imgui.obj
c:\fontosak\github_repo\examples\example_glfw_opengl3\release\example_glfw_opengl3.exe
c:\fontosak\github_repo\examples\example_glfw_opengl3\release\example_glfw_opengl3.pdb
c:\fontosak\github_repo\examples\example_glfw_opengl3\release\example_glfw_opengl3.ipdb
c:\fontosak\github_repo\examples\example_glfw_opengl3\release\example_glfw_opengl3.iobj
c:\fontosak\github_repo\examples\example_glfw_opengl3\release\example_glfw_opengl3.vcxproj.filelistabsolute.txt
c:\fontosak\github_repo\examples\example_glfw_opengl3\release\example_.4a1fb5ea.tlog\cl.command.1.tlog
c:\fontosak\github_repo\examples\example_glfw_opengl3\release\example_.4a1fb5ea.tlog\cl.items.tlog
c:\fontosak\github_repo\examples\example_glfw_opengl3\release\example_.4a1fb5ea.tlog\cl.read.1.tlog
c:\fontosak\github_repo\examples\example_glfw_opengl3\release\example_.4a1fb5ea.tlog\cl.write.1.tlog
c:\fontosak\github_repo\examples\example_glfw_opengl3\release\example_.4a1fb5ea.tlog\link.command.1.tlog
c:\fontosak\github_repo\examples\example_glfw_opengl3\release\example_.4a1fb5ea.tlog\link.read.1.tlog
c:\fontosak\github_repo\examples\example_glfw_opengl3\release\example_.4a1fb5ea.tlog\link.secondary.1.tlog
c:\fontosak\github_repo\examples\example_glfw_opengl3\release\example_.4a1fb5ea.tlog\link.write.1.tlog
