  imgui.cpp
  imgui_demo.cpp
  imgui_draw.cpp
  imgui_tables.cpp
  imgui_widgets.cpp
  imgui_impl_glfw.cpp
  imgui_impl_opengl3.cpp
  implot.cpp
  implot_demo.cpp
  implot_items.cpp
  DBWProcessor.cpp
C:\Fontosak\github_repo\examples\example_glfw_opengl3\DBWProcessor.cpp(1,1): warning C4828: The file contains a character starting at offset 0x796 that is illegal in the current source character set (codepage 65001).
C:\Fontosak\github_repo\examples\example_glfw_opengl3\DBWProcessor.cpp(73,25): warning C4244: 'initializing': conversion from 'double' to 'float', possible loss of data
  IMUProcessor.cpp
C:\Fontosak\github_repo\examples\example_glfw_opengl3\IMUProcessor.cpp(1,1): warning C4828: The file contains a character starting at offset 0x33f that is illegal in the current source character set (codepage 65001).
C:\Fontosak\github_repo\examples\example_glfw_opengl3\IMUProcessor.cpp(1,1): warning C4828: The file contains a character starting at offset 0x345 that is illegal in the current source character set (codepage 65001).
C:\Fontosak\github_repo\examples\example_glfw_opengl3\IMUProcessor.cpp(1,1): warning C4828: The file contains a character starting at offset 0x348 that is illegal in the current source character set (codepage 65001).
C:\Fontosak\github_repo\examples\example_glfw_opengl3\IMUProcessor.cpp(1,1): warning C4828: The file contains a character starting at offset 0x34d that is illegal in the current source character set (codepage 65001).
C:\Fontosak\github_repo\examples\example_glfw_opengl3\IMUProcessor.cpp(1,1): warning C4828: The file contains a character starting at offset 0x8b4 that is illegal in the current source character set (codepage 65001).
C:\Fontosak\github_repo\examples\example_glfw_opengl3\IMUProcessor.cpp(80,20): warning C4244: 'initializing': conversion from 'double' to 'float', possible loss of data
C:\Fontosak\github_repo\examples\example_glfw_opengl3\IMUProcessor.cpp(81,20): warning C4244: 'initializing': conversion from 'double' to 'float', possible loss of data
C:\Fontosak\github_repo\examples\example_glfw_opengl3\IMUProcessor.cpp(82,20): warning C4244: 'initializing': conversion from 'double' to 'float', possible loss of data
  main.cpp
C:\Fontosak\github_repo\examples\example_glfw_opengl3\main.cpp(1,1): warning C4828: The file contains a character starting at offset 0x330 that is illegal in the current source character set (codepage 65001).
C:\Fontosak\github_repo\examples\example_glfw_opengl3\main.cpp(1,1): warning C4828: The file contains a character starting at offset 0x337 that is illegal in the current source character set (codepage 65001).
C:\Fontosak\github_repo\examples\example_glfw_opengl3\main.cpp(1,1): warning C4828: The file contains a character starting at offset 0x475 that is illegal in the current source character set (codepage 65001).
C:\Fontosak\github_repo\examples\example_glfw_opengl3\main.cpp(1,1): warning C4828: The file contains a character starting at offset 0x57b that is illegal in the current source character set (codepage 65001).
C:\Fontosak\github_repo\examples\example_glfw_opengl3\main.cpp(1,1): warning C4828: The file contains a character starting at offset 0x6d1 that is illegal in the current source character set (codepage 65001).
C:\Fontosak\github_repo\examples\example_glfw_opengl3\main.cpp(1,1): warning C4828: The file contains a character starting at offset 0x6d4 that is illegal in the current source character set (codepage 65001).
C:\Fontosak\github_repo\examples\example_glfw_opengl3\main.cpp(1,1): warning C4828: The file contains a character starting at offset 0x724 that is illegal in the current source character set (codepage 65001).
C:\Fontosak\github_repo\examples\example_glfw_opengl3\main.cpp(1,1): warning C4828: The file contains a character starting at offset 0x840 that is illegal in the current source character set (codepage 65001).
C:\Fontosak\github_repo\examples\example_glfw_opengl3\main.cpp(1,1): warning C4828: The file contains a character starting at offset 0x843 that is illegal in the current source character set (codepage 65001).
C:\Fontosak\github_repo\examples\example_glfw_opengl3\main.cpp(1,1): warning C4828: The file contains a character starting at offset 0x847 that is illegal in the current source character set (codepage 65001).
C:\Fontosak\github_repo\examples\example_glfw_opengl3\main.cpp(1,1): warning C4828: The file contains a character starting at offset 0xc2b that is illegal in the current source character set (codepage 65001).
C:\Fontosak\github_repo\examples\example_glfw_opengl3\main.cpp(1,1): warning C4828: The file contains a character starting at offset 0xc2e that is illegal in the current source character set (codepage 65001).
C:\Fontosak\github_repo\examples\example_glfw_opengl3\main.cpp(1,1): warning C4828: The file contains a character starting at offset 0xc32 that is illegal in the current source character set (codepage 65001).
C:\Fontosak\github_repo\examples\example_glfw_opengl3\main.cpp(1,1): warning C4828: The file contains a character starting at offset 0x1037 that is illegal in the current source character set (codepage 65001).
C:\Fontosak\github_repo\examples\example_glfw_opengl3\main.cpp(95,86): warning C4267: 'argument': conversion from 'size_t' to 'int', possible loss of data
C:\Fontosak\github_repo\examples\example_glfw_opengl3\main.cpp(98,86): warning C4267: 'argument': conversion from 'size_t' to 'int', possible loss of data
C:\Fontosak\github_repo\examples\example_glfw_opengl3\main.cpp(101,86): warning C4267: 'argument': conversion from 'size_t' to 'int', possible loss of data
C:\Fontosak\github_repo\examples\example_glfw_opengl3\main.cpp(117,85): warning C4267: 'argument': conversion from 'size_t' to 'int', possible loss of data
  Generating code
  Previous IPDB not found, fall back to full compilation.
  All 2731 functions were compiled because no usable IPDB/IOBJ from previous compilation was found.
  Finished generating code
  example_glfw_opengl3.vcxproj -> C:\Fontosak\github_repo\examples\example_glfw_opengl3\Release\example_glfw_opengl3.exe
